[ 2015-05-30T20:52:28+08:00 ] ::1 /cyKnot/index.php
INFO: [ app_init ] --START--
INFO: Run Behavior\BuildLiteBehavior [ RunTime:0.000135s ]
INFO: [ app_init ] --END-- [ RunTime:0.000720s ]
INFO: [ app_begin ] --START--
INFO: Run Behavior\ReadHtmlCacheBehavior [ RunTime:0.003412s ]
INFO: [ app_begin ] --END-- [ RunTime:0.003898s ]
INFO: [ view_parse ] --START--
INFO: [ template_filter ] --START--
INFO: Run Behavior\ContentReplaceBehavior [ RunTime:0.000178s ]
INFO: [ template_filter ] --END-- [ RunTime:0.000572s ]
INFO: Run Behavior\ParseTemplateBehavior [ RunTime:0.108556s ]
INFO: [ view_parse ] --END-- [ RunTime:0.109249s ]
INFO: [ view_filter ] --START--
INFO: Run Behavior\WriteHtmlCacheBehavior [ RunTime:0.001999s ]
INFO: [ view_filter ] --END-- [ RunTime:0.002344s ]
INFO: [ app_end ] --START--
INFO: Run Behavior\ShowPageTraceBehavior [ RunTime:0.002483s ]
INFO: [ app_end ] --END-- [ RunTime:0.002853s ]

[ 2015-05-30T20:56:29+08:00 ] ::1 /cyKnot/index.php
ERR: 模板不存在:./Application/Home/View/Index/index.html

[ 2015-05-30T21:03:43+08:00 ] ::1 /cyKnot/index.php
ERR: 无法加载数据库驱动: Think\Db\Driver\

[ 2015-05-30T21:03:44+08:00 ] ::1 /cyKnot/index.php
ERR: 无法加载数据库驱动: Think\Db\Driver\

[ 2015-05-30T21:03:45+08:00 ] ::1 /cyKnot/index.php
ERR: 无法加载数据库驱动: Think\Db\Driver\

[ 2015-05-30T21:03:45+08:00 ] ::1 /cyKnot/index.php
ERR: 无法加载数据库驱动: Think\Db\Driver\

[ 2015-05-30T21:03:45+08:00 ] ::1 /cyKnot/index.php
ERR: 无法加载数据库驱动: Think\Db\Driver\

[ 2015-05-30T21:08:08+08:00 ] ::1 /cyKnot/index.php
ERR: SQLSTATE[HY000] [1049] Unknown database 'cylknot'

